#
# There is insufficient memory for the Java Runtime Environment to continue.
# Native memory allocation (malloc) failed to allocate 718656 bytes for Chunk::new
# Possible reasons:
#   The system is out of physical RAM or swap space
#   The process is running with CompressedOops enabled, and the Java Heap may be blocking the growth of the native heap
# Possible solutions:
#   Reduce memory load on the system
#   Increase physical memory or swap space
#   Check if swap backing store is full
#   Decrease Java heap size (-Xmx/-Xms)
#   Decrease number of Java threads
#   Decrease Java thread stack sizes (-Xss)
#   Set larger code cache with -XX:ReservedCodeCacheSize=
#   JVM is running with Zero Based Compressed Oops mode in which the Java heap is
#     placed in the first 32GB address space. The Java Heap base address is the
#     maximum limit for the native heap growth. Please use -XX:HeapBaseMinAddress
#     to set the Java Heap base and to place the Java Heap above 32GB virtual address.
# This output file may be truncated or incomplete.
#
#  Out of Memory Error (allocation.cpp:389), pid=6888, tid=0x0000000000004a20
#
# JRE version: OpenJDK Runtime Environment (8.0_342-b07) (build 1.8.0_342-b07)
# Java VM: OpenJDK 64-Bit Server VM (25.342-b07 mixed mode windows-amd64 compressed oops)
# Failed to write core dump. Minidumps are not enabled by default on client versions of Windows
#

---------------  T H R E A D  ---------------

Current thread (0x000001f94f5ee800):  JavaThread "C2 CompilerThread2" daemon [_thread_in_native, id=18976, stack(0x000000c729b00000,0x000000c729c00000)]

Stack: [0x000000c729b00000,0x000000c729c00000]
[error occurred during error reporting (printing stack bounds), id 0xc0000005]

Native frames: (J=compiled Java code, j=interpreted, Vv=VM code, C=native code)


Current CompileTask:
C2:   4635 3078   !   4       java.net.URL::<init> (543 bytes)


---------------  P R O C E S S  ---------------

Java Threads: ( => current thread )
  0x000001f94f64a800 JavaThread "Service Thread" daemon [_thread_blocked, id=14720, stack(0x000000c729d00000,0x000000c729e00000)]
  0x000001f94f5ef000 JavaThread "C1 CompilerThread3" daemon [_thread_blocked, id=21036, stack(0x000000c729c00000,0x000000c729d00000)]
=>0x000001f94f5ee800 JavaThread "C2 CompilerThread2" daemon [_thread_in_native, id=18976, stack(0x000000c729b00000,0x000000c729c00000)]
  0x000001f94f5ea000 JavaThread "C2 CompilerThread1" daemon [_thread_blocked, id=15440, stack(0x000000c729a00000,0x000000c729b00000)]
  0x000001f94f5e6800 JavaThread "C2 CompilerThread0" daemon [_thread_blocked, id=24064, stack(0x000000c729900000,0x000000c729a00000)]
  0x000001f94f5d3800 JavaThread "Monitor Ctrl-Break" daemon [_thread_in_native, id=27176, stack(0x000000c729800000,0x000000c729900000)]
  0x000001f94d32c000 JavaThread "Attach Listener" daemon [_thread_blocked, id=20372, stack(0x000000c729700000,0x000000c729800000)]
  0x000001f94d327800 JavaThread "Signal Dispatcher" daemon [_thread_blocked, id=4472, stack(0x000000c729600000,0x000000c729700000)]
  0x000001f93215a800 JavaThread "Finalizer" daemon [_thread_blocked, id=5644, stack(0x000000c729500000,0x000000c729600000)]
  0x000001f94d2e8000 JavaThread "Reference Handler" daemon [_thread_blocked, id=21964, stack(0x000000c729400000,0x000000c729500000)]
  0x000001f9320b5800 JavaThread "main" [_thread_in_native, id=20544, stack(0x000000c728800000,0x000000c728900000)]

Other Threads:
  0x000001f94d2c1800 VMThread [stack: 0x000000c729300000,0x000000c729400000] [id=26228]
  0x000001f94f6a5000 WatcherThread [stack: 0x000000c729e00000,0x000000c729f00000] [id=9308]

VM state:not at safepoint (normal execution)

VM Mutex/Monitor currently owned by a thread: None

heap address: 0x00000006c2a00000, size: 4054 MB, Compressed Oops mode: Zero based, Oop shift amount: 3
Narrow klass base: 0x0000000000000000, Narrow klass shift: 3
Compressed class space size: 1073741824 Address: 0x00000007c0000000

Heap:
 PSYoungGen      total 180736K, used 12766K [0x000000076b900000, 0x0000000778f00000, 0x00000007c0000000)
  eden space 167936K, 7% used [0x000000076b900000,0x000000076c577bc8,0x0000000775d00000)
  from space 12800K, 0% used [0x0000000776980000,0x0000000776980000,0x0000000777600000)
  to   space 12800K, 0% used [0x0000000775d00000,0x0000000775d00000,0x0000000776980000)
 ParOldGen       total 140800K, used 13815K [0x00000006c2a00000, 0x00000006cb380000, 0x000000076b900000)
  object space 140800K, 9% used [0x00000006c2a00000,0x00000006c377dcf8,0x00000006cb380000)
 Metaspace       used 34689K, capacity 36564K, committed 36952K, reserved 1081344K
  class space    used 4735K, capacity 5081K, committed 5208K, reserved 1048576K

Card table byte_map: [0x000001f943280000,0x000001f943a70000] byte_map_base: 0x000001f93fc6b000

Marking Bits: (ParMarkBitMap*) 0x0000000064c16850
 Begin Bits: [0x000001f943fc0000, 0x000001f947f18000)
 End Bits:   [0x000001f947f18000, 0x000001f94be70000)

Polling page: 0x000001f932050000

CodeCache: size=245760Kb used=11441Kb max_used=11441Kb free=234318Kb
 bounds [0x000001f933ec0000, 0x000001f934a00000, 0x000001f942ec0000]
 total_blobs=3482 nmethods=3077 adapters=317
 compilation: enabled

Compilation events (10 events):
Event: 4.570 Thread 0x000001f94f5ef000 nmethod 3072 0x000001f9349ec3d0 code [0x000001f9349ec540, 0x000001f9349ec710]
Event: 4.570 Thread 0x000001f94f5ef000 3073       3       java.lang.invoke.ConstantCallSite::<init> (11 bytes)
Event: 4.570 Thread 0x000001f94f5ef000 nmethod 3073 0x000001f9349ec790 code [0x000001f9349ec900, 0x000001f9349ecbd8]
Event: 4.570 Thread 0x000001f94f5ef000 3074       3       java.lang.invoke.CallSite::<init> (15 bytes)
Event: 4.570 Thread 0x000001f94f5ef000 nmethod 3074 0x000001f9349ecd10 code [0x000001f9349ece80, 0x000001f9349ed0f8]
Event: 4.578 Thread 0x000001f94f5ef000 3076   !   3       java.lang.invoke.InnerClassLambdaMetafactory::buildCallSite (156 bytes)
Event: 4.579 Thread 0x000001f94f5ef000 nmethod 3076 0x000001f9349ed810 code [0x000001f9349edb60, 0x000001f9349ef6f0]
Event: 4.579 Thread 0x000001f94f5ef000 3077       3       java.lang.invoke.LambdaForm$BMH/609656250::reinvoke (89 bytes)
Event: 4.580 Thread 0x000001f94f5ef000 nmethod 3077 0x000001f9349f04d0 code [0x000001f9349f0760, 0x000001f9349f1bb0]
Event: 4.586 Thread 0x000001f94f5ee800 3078   !   4       java.net.URL::<init> (543 bytes)

GC Heap History (10 events):
Event: 1.866 GC heap before
{Heap before GC invocations=4 (full 1):
 PSYoungGen      total 75776K, used 6647K [0x000000076b900000, 0x0000000774d00000, 0x00000007c0000000)
  eden space 65024K, 0% used [0x000000076b900000,0x000000076b900000,0x000000076f880000)
  from space 10752K, 61% used [0x000000076f880000,0x000000076fefdfa0,0x0000000770300000)
  to   space 10752K, 0% used [0x0000000774280000,0x0000000774280000,0x0000000774d00000)
 ParOldGen       total 173568K, used 32K [0x00000006c2a00000, 0x00000006cd380000, 0x000000076b900000)
  object space 173568K, 0% used [0x00000006c2a00000,0x00000006c2a08000,0x00000006cd380000)
 Metaspace       used 20293K, capacity 21118K, committed 21248K, reserved 1067008K
  class space    used 2527K, capacity 2699K, committed 2816K, reserved 1048576K
Event: 1.892 GC heap after
Heap after GC invocations=4 (full 1):
 PSYoungGen      total 75776K, used 0K [0x000000076b900000, 0x0000000774d00000, 0x00000007c0000000)
  eden space 65024K, 0% used [0x000000076b900000,0x000000076b900000,0x000000076f880000)
  from space 10752K, 0% used [0x000000076f880000,0x000000076f880000,0x0000000770300000)
  to   space 10752K, 0% used [0x0000000774280000,0x0000000774280000,0x0000000774d00000)
 ParOldGen       total 93184K, used 6325K [0x00000006c2a00000, 0x00000006c8500000, 0x000000076b900000)
  object space 93184K, 6% used [0x00000006c2a00000,0x00000006c302d660,0x00000006c8500000)
 Metaspace       used 20293K, capacity 21118K, committed 21248K, reserved 1067008K
  class space    used 2527K, capacity 2699K, committed 2816K, reserved 1048576K
}
Event: 2.388 GC heap before
{Heap before GC invocations=5 (full 1):
 PSYoungGen      total 75776K, used 65024K [0x000000076b900000, 0x0000000774d00000, 0x00000007c0000000)
  eden space 65024K, 100% used [0x000000076b900000,0x000000076f880000,0x000000076f880000)
  from space 10752K, 0% used [0x000000076f880000,0x000000076f880000,0x0000000770300000)
  to   space 10752K, 0% used [0x0000000774280000,0x0000000774280000,0x0000000774d00000)
 ParOldGen       total 93184K, used 6325K [0x00000006c2a00000, 0x00000006c8500000, 0x000000076b900000)
  object space 93184K, 6% used [0x00000006c2a00000,0x00000006c302d660,0x00000006c8500000)
 Metaspace       used 23460K, capacity 24608K, committed 24832K, reserved 1071104K
  class space    used 2964K, capacity 3204K, committed 3328K, reserved 1048576K
Event: 2.392 GC heap after
Heap after GC invocations=5 (full 1):
 PSYoungGen      total 112128K, used 5700K [0x000000076b900000, 0x0000000774880000, 0x00000007c0000000)
  eden space 105984K, 0% used [0x000000076b900000,0x000000076b900000,0x0000000772080000)
  from space 6144K, 92% used [0x0000000774280000,0x0000000774811268,0x0000000774880000)
  to   space 10752K, 0% used [0x0000000773380000,0x0000000773380000,0x0000000773e00000)
 ParOldGen       total 93184K, used 6333K [0x00000006c2a00000, 0x00000006c8500000, 0x000000076b900000)
  object space 93184K, 6% used [0x00000006c2a00000,0x00000006c302f660,0x00000006c8500000)
 Metaspace       used 23460K, capacity 24608K, committed 24832K, reserved 1071104K
  class space    used 2964K, capacity 3204K, committed 3328K, reserved 1048576K
}
Event: 3.540 GC heap before
{Heap before GC invocations=6 (full 1):
 PSYoungGen      total 112128K, used 111684K [0x000000076b900000, 0x0000000774880000, 0x00000007c0000000)
  eden space 105984K, 100% used [0x000000076b900000,0x0000000772080000,0x0000000772080000)
  from space 6144K, 92% used [0x0000000774280000,0x0000000774811268,0x0000000774880000)
  to   space 10752K, 0% used [0x0000000773380000,0x0000000773380000,0x0000000773e00000)
 ParOldGen       total 93184K, used 6333K [0x00000006c2a00000, 0x00000006c8500000, 0x000000076b900000)
  object space 93184K, 6% used [0x00000006c2a00000,0x00000006c302f660,0x00000006c8500000)
 Metaspace       used 29973K, capacity 31702K, committed 32000K, reserved 1077248K
  class space    used 3919K, capacity 4233K, committed 4352K, reserved 1048576K
Event: 3.549 GC heap after
Heap after GC invocations=6 (full 1):
 PSYoungGen      total 136192K, used 10628K [0x000000076b900000, 0x0000000777600000, 0x00000007c0000000)
  eden space 125440K, 0% used [0x000000076b900000,0x000000076b900000,0x0000000773380000)
  from space 10752K, 98% used [0x0000000773380000,0x0000000773de1080,0x0000000773e00000)
  to   space 12800K, 0% used [0x0000000776980000,0x0000000776980000,0x0000000777600000)
 ParOldGen       total 93184K, used 6341K [0x00000006c2a00000, 0x00000006c8500000, 0x000000076b900000)
  object space 93184K, 6% used [0x00000006c2a00000,0x00000006c3031660,0x00000006c8500000)
 Metaspace       used 29973K, capacity 31702K, committed 32000K, reserved 1077248K
  class space    used 3919K, capacity 4233K, committed 4352K, reserved 1048576K
}
Event: 4.472 GC heap before
{Heap before GC invocations=7 (full 1):
 PSYoungGen      total 136192K, used 49836K [0x000000076b900000, 0x0000000777600000, 0x00000007c0000000)
  eden space 125440K, 31% used [0x000000076b900000,0x000000076df4a358,0x0000000773380000)
  from space 10752K, 98% used [0x0000000773380000,0x0000000773de1080,0x0000000773e00000)
  to   space 12800K, 0% used [0x0000000776980000,0x0000000776980000,0x0000000777600000)
 ParOldGen       total 93184K, used 6341K [0x00000006c2a00000, 0x00000006c8500000, 0x000000076b900000)
  object space 93184K, 6% used [0x00000006c2a00000,0x00000006c3031660,0x00000006c8500000)
 Metaspace       used 33535K, capacity 35330K, committed 35416K, reserved 1079296K
  class space    used 4566K, capacity 4908K, committed 4952K, reserved 1048576K
Event: 4.478 GC heap after
Heap after GC invocations=7 (full 1):
 PSYoungGen      total 180736K, used 9213K [0x000000076b900000, 0x0000000778f00000, 0x00000007c0000000)
  eden space 167936K, 0% used [0x000000076b900000,0x000000076b900000,0x0000000775d00000)
  from space 12800K, 71% used [0x0000000776980000,0x000000077727f788,0x0000000777600000)
  to   space 12800K, 0% used [0x0000000775d00000,0x0000000775d00000,0x0000000776980000)
 ParOldGen       total 93184K, used 6349K [0x00000006c2a00000, 0x00000006c8500000, 0x000000076b900000)
  object space 93184K, 6% used [0x00000006c2a00000,0x00000006c3033660,0x00000006c8500000)
 Metaspace       used 33535K, capacity 35330K, committed 35416K, reserved 1079296K
  class space    used 4566K, capacity 4908K, committed 4952K, reserved 1048576K
}
Event: 4.479 GC heap before
{Heap before GC invocations=8 (full 2):
 PSYoungGen      total 180736K, used 9213K [0x000000076b900000, 0x0000000778f00000, 0x00000007c0000000)
  eden space 167936K, 0% used [0x000000076b900000,0x000000076b900000,0x0000000775d00000)
  from space 12800K, 71% used [0x0000000776980000,0x000000077727f788,0x0000000777600000)
  to   space 12800K, 0% used [0x0000000775d00000,0x0000000775d00000,0x0000000776980000)
 ParOldGen       total 93184K, used 6349K [0x00000006c2a00000, 0x00000006c8500000, 0x000000076b900000)
  object space 93184K, 6% used [0x00000006c2a00000,0x00000006c3033660,0x00000006c8500000)
 Metaspace       used 33535K, capacity 35330K, committed 35416K, reserved 1079296K
  class space    used 4566K, capacity 4908K, committed 4952K, reserved 1048576K
Event: 4.514 GC heap after
Heap after GC invocations=8 (full 2):
 PSYoungGen      total 180736K, used 0K [0x000000076b900000, 0x0000000778f00000, 0x00000007c0000000)
  eden space 167936K, 0% used [0x000000076b900000,0x000000076b900000,0x0000000775d00000)
  from space 12800K, 0% used [0x0000000776980000,0x0000000776980000,0x0000000777600000)
  to   space 12800K, 0% used [0x0000000775d00000,0x0000000775d00000,0x0000000776980000)
 ParOldGen       total 140800K, used 13815K [0x00000006c2a00000, 0x00000006cb380000, 0x000000076b900000)
  object space 140800K, 9% used [0x00000006c2a00000,0x00000006c377dcf8,0x00000006cb380000)
 Metaspace       used 33535K, capacity 35330K, committed 35416K, reserved 1079296K
  class space    used 4566K, capacity 4908K, committed 4952K, reserved 1048576K
}

Deoptimization events (10 events):
Event: 3.121 Thread 0x000001f9320b5800 Uncommon trap: reason=unstable_if action=reinterpret pc=0x000001f934117120 method=java.lang.AbstractStringBuilder.append(Ljava/lang/String;)Ljava/lang/AbstractStringBuilder; @ 1
Event: 3.155 Thread 0x000001f9320b5800 Uncommon trap: reason=class_check action=maybe_recompile pc=0x000001f934361c4c method=java.util.concurrent.ConcurrentHashMap.putVal(Ljava/lang/Object;Ljava/lang/Object;Z)Ljava/lang/Object; @ 192
Event: 3.160 Thread 0x000001f9320b5800 Uncommon trap: reason=class_check action=maybe_recompile pc=0x000001f934361c4c method=java.util.concurrent.ConcurrentHashMap.putVal(Ljava/lang/Object;Ljava/lang/Object;Z)Ljava/lang/Object; @ 192
Event: 3.183 Thread 0x000001f9320b5800 Uncommon trap: reason=class_check action=maybe_recompile pc=0x000001f934361c4c method=java.util.concurrent.ConcurrentHashMap.putVal(Ljava/lang/Object;Ljava/lang/Object;Z)Ljava/lang/Object; @ 192
Event: 3.391 Thread 0x000001f9320b5800 Uncommon trap: reason=unstable_if action=reinterpret pc=0x000001f9340b3d8c method=java.util.zip.ZipCoder.getBytes(Ljava/lang/String;)[B @ 32
Event: 3.391 Thread 0x000001f9320b5800 Uncommon trap: reason=unstable_if action=reinterpret pc=0x000001f9340a7b9c method=java.util.zip.ZipCoder.getBytes(Ljava/lang/String;)[B @ 32
Event: 3.392 Thread 0x000001f9320b5800 Uncommon trap: reason=unstable_if action=reinterpret pc=0x000001f9345194d0 method=java.net.URL.<init>(Ljava/net/URL;Ljava/lang/String;Ljava/net/URLStreamHandler;)V @ 57
Event: 3.392 Thread 0x000001f9320b5800 Uncommon trap: reason=unstable_if action=reinterpret pc=0x000001f934400c40 method=java.net.URLStreamHandler.parseURL(Ljava/net/URL;Ljava/lang/String;II)V @ 57
Event: 3.392 Thread 0x000001f9320b5800 Uncommon trap: reason=unstable_if action=reinterpret pc=0x000001f9344f9bd8 method=java.io.WinNTFileSystem.resolve(Ljava/lang/String;Ljava/lang/String;)Ljava/lang/String; @ 19
Event: 3.634 Thread 0x000001f9320b5800 Uncommon trap: reason=unstable_if action=reinterpret pc=0x000001f93447c280 method=java.lang.ClassLoader.getClassLoadingLock(Ljava/lang/String;)Ljava/lang/Object; @ 6

Classes redefined (0 events):
No events

Internal exceptions (10 events):
Event: 3.373 Thread 0x000001f9320b5800 Exception <a 'java/lang/ClassNotFoundException': org/springframework/beans/factory/AwareCustomizer> (0x00000007713859c0) thrown at [C:\wsjdk\Corretto8Src\installers\windows\zip\corretto-build\buildRoot\hotspot\src\share\vm\classfile\systemDictionary.cpp, 
Event: 3.373 Thread 0x000001f9320b5800 Exception <a 'java/lang/ClassNotFoundException': org/springframework/beans/factory/BeanFactoryAwareCustomizer> (0x00000007713a1d78) thrown at [C:\wsjdk\Corretto8Src\installers\windows\zip\corretto-build\buildRoot\hotspot\src\share\vm\classfile\systemDicti
Event: 3.374 Thread 0x000001f9320b5800 Exception <a 'java/lang/ClassNotFoundException': org/springframework/beans/factory/AwareCustomizer> (0x00000007713bbd40) thrown at [C:\wsjdk\Corretto8Src\installers\windows\zip\corretto-build\buildRoot\hotspot\src\share\vm\classfile\systemDictionary.cpp, 
Event: 3.374 Thread 0x000001f9320b5800 Exception <a 'java/lang/ClassNotFoundException': org/springframework/beans/factory/BeanNameAwareCustomizer> (0x00000007713d6d20) thrown at [C:\wsjdk\Corretto8Src\installers\windows\zip\corretto-build\buildRoot\hotspot\src\share\vm\classfile\systemDictiona
Event: 3.374 Thread 0x000001f9320b5800 Exception <a 'java/lang/ClassNotFoundException': org/springframework/beans/factory/AwareCustomizer> (0x00000007713f07e0) thrown at [C:\wsjdk\Corretto8Src\installers\windows\zip\corretto-build\buildRoot\hotspot\src\share\vm\classfile\systemDictionary.cpp, 
Event: 3.375 Thread 0x000001f9320b5800 Exception <a 'java/lang/ClassNotFoundException': org/springframework/beans/factory/InitializingBeanCustomizer> (0x000000077140cb98) thrown at [C:\wsjdk\Corretto8Src\installers\windows\zip\corretto-build\buildRoot\hotspot\src\share\vm\classfile\systemDicti
Event: 3.375 Thread 0x000001f9320b5800 Exception <a 'java/lang/ClassNotFoundException': org/springframework/beans/factory/DisposableBeanCustomizer> (0x00000007714283f0) thrown at [C:\wsjdk\Corretto8Src\installers\windows\zip\corretto-build\buildRoot\hotspot\src\share\vm\classfile\systemDiction
Event: 3.376 Thread 0x000001f9320b5800 Exception <a 'java/lang/ClassNotFoundException': org/springframework/orm/jpa/EntityManagerFactoryInfoCustomizer> (0x0000000771445ad0) thrown at [C:\wsjdk\Corretto8Src\installers\windows\zip\corretto-build\buildRoot\hotspot\src\share\vm\classfile\systemDic
Event: 3.377 Thread 0x000001f9320b5800 Exception <a 'java/lang/ClassNotFoundException': org/springframework/dao/support/PersistenceExceptionTranslatorCustomizer> (0x0000000771472c60) thrown at [C:\wsjdk\Corretto8Src\installers\windows\zip\corretto-build\buildRoot\hotspot\src\share\vm\classfile
Event: 3.608 Thread 0x000001f9320b5800 Exception <a 'java/lang/ClassNotFoundException': java/lang/Module> (0x000000076bed6b98) thrown at [C:\wsjdk\Corretto8Src\installers\windows\zip\corretto-build\buildRoot\hotspot\src\share\vm\classfile\systemDictionary.cpp, line 217]

Events (10 events):
Event: 4.601 loading class java/lang/management/MemoryMXBean done
Event: 4.601 loading class sun/management/NotificationEmitterSupport
Event: 4.601 loading class javax/management/NotificationEmitter
Event: 4.602 loading class javax/management/NotificationBroadcaster
Event: 4.602 loading class javax/management/NotificationBroadcaster done
Event: 4.602 loading class javax/management/NotificationEmitter done
Event: 4.602 loading class sun/management/NotificationEmitterSupport done
Event: 4.602 loading class sun/management/MemoryImpl done
Event: 4.602 loading class java/lang/management/MemoryUsage
Event: 4.602 loading class java/lang/management/MemoryUsage done


Dynamic libraries:
0x00007ff78d340000 - 0x00007ff78d37a000 	D:\java1.8JDK\bin\java.exe
0x00007ffed65b0000 - 0x00007ffed67a8000 	C:\WINDOWS\SYSTEM32\ntdll.dll
0x00007ffed5e50000 - 0x00007ffed5f0d000 	C:\WINDOWS\System32\KERNEL32.DLL
0x00007ffed3ec0000 - 0x00007ffed4192000 	C:\WINDOWS\System32\KERNELBASE.dll
0x00007ffed4cc0000 - 0x00007ffed4d6e000 	C:\WINDOWS\System32\ADVAPI32.dll
0x00007ffed5ff0000 - 0x00007ffed608e000 	C:\WINDOWS\System32\msvcrt.dll
0x00007ffed5060000 - 0x00007ffed50fc000 	C:\WINDOWS\System32\sechost.dll
0x00007ffed5570000 - 0x00007ffed5695000 	C:\WINDOWS\System32\RPCRT4.dll
0x00007ffed46a0000 - 0x00007ffed483d000 	C:\WINDOWS\System32\USER32.dll
0x00007ffed45e0000 - 0x00007ffed4602000 	C:\WINDOWS\System32\win32u.dll
0x00007ffed62f0000 - 0x00007ffed631b000 	C:\WINDOWS\System32\GDI32.dll
0x00007ffed44d0000 - 0x00007ffed45df000 	C:\WINDOWS\System32\gdi32full.dll
0x00007ffed3cc0000 - 0x00007ffed3d5d000 	C:\WINDOWS\System32\msvcp_win.dll
0x00007ffed43d0000 - 0x00007ffed44d0000 	C:\WINDOWS\System32\ucrtbase.dll
0x00007ffeb2320000 - 0x00007ffeb25ba000 	C:\WINDOWS\WinSxS\amd64_microsoft.windows.common-controls_6595b64144ccf1df_6.0.19041.1110_none_60b5254171f9507e\COMCTL32.dll
0x00007ffed64e0000 - 0x00007ffed6510000 	C:\WINDOWS\System32\IMM32.DLL
0x00007ffe95200000 - 0x00007ffe952ef000 	D:\java1.8JDK\jre\bin\msvcr120.dll
0x00007ffe81cf0000 - 0x00007ffe81d96000 	D:\java1.8JDK\jre\bin\msvcp120.dll
0x0000000064420000 - 0x0000000064c95000 	D:\java1.8JDK\jre\bin\server\jvm.dll
0x00007ffed4c50000 - 0x00007ffed4c58000 	C:\WINDOWS\System32\PSAPI.DLL
0x00007ffec6050000 - 0x00007ffec605a000 	C:\WINDOWS\SYSTEM32\VERSION.dll
0x00007ffeb42f0000 - 0x00007ffeb42f9000 	C:\WINDOWS\SYSTEM32\WSOCK32.dll
0x00007ffeb6f00000 - 0x00007ffeb6f27000 	C:\WINDOWS\SYSTEM32\WINMM.dll
0x00007ffed6320000 - 0x00007ffed638b000 	C:\WINDOWS\System32\WS2_32.dll
0x00007ffec9850000 - 0x00007ffec985f000 	D:\java1.8JDK\jre\bin\verify.dll
0x00007ffec4ce0000 - 0x00007ffec4d09000 	D:\java1.8JDK\jre\bin\java.dll
0x00007ffec9480000 - 0x00007ffec94aa000 	D:\java1.8JDK\jre\bin\instrument.dll
0x00007ffec1a00000 - 0x00007ffec1a16000 	D:\java1.8JDK\jre\bin\zip.dll
0x00007ffed5700000 - 0x00007ffed5e43000 	C:\WINDOWS\System32\SHELL32.dll
0x00007ffed1a80000 - 0x00007ffed2211000 	C:\WINDOWS\SYSTEM32\windows.storage.dll
0x00007ffed48f0000 - 0x00007ffed4c44000 	C:\WINDOWS\System32\combase.dll
0x00007ffed3720000 - 0x00007ffed3750000 	C:\WINDOWS\SYSTEM32\Wldp.dll
0x00007ffed4df0000 - 0x00007ffed4e9d000 	C:\WINDOWS\System32\SHCORE.dll
0x00007ffed6510000 - 0x00007ffed6565000 	C:\WINDOWS\System32\shlwapi.dll
0x00007ffed3c00000 - 0x00007ffed3c1f000 	C:\WINDOWS\SYSTEM32\profapi.dll
0x00007ffec4e00000 - 0x00007ffec4e1a000 	D:\Toolbox\apps\IDEA-U\ch-0\222.4345.14\bin\breakgen64.dll
0x00007ffec1820000 - 0x00007ffec183a000 	D:\java1.8JDK\jre\bin\net.dll
0x00007ffed3410000 - 0x00007ffed347a000 	C:\WINDOWS\system32\mswsock.dll
0x00007ffec1790000 - 0x00007ffec17a2000 	D:\java1.8JDK\jre\bin\nio.dll
0x00007ffec9440000 - 0x00007ffec944d000 	D:\java1.8JDK\jre\bin\management.dll
0x00007ffeb5f40000 - 0x00007ffeb5f8b000 	C:\Program Files (x86)\Sangfor\SSL\ClientComponent\1_SangforNspX64.dll
0x00007ffed6390000 - 0x00007ffed64ba000 	C:\WINDOWS\System32\ole32.dll
0x00007ffed6090000 - 0x00007ffed615d000 	C:\WINDOWS\System32\OLEAUT32.dll
0x00007ffeb5f20000 - 0x00007ffeb5f37000 	C:\WINDOWS\system32\napinsp.dll
0x00007ffeb5b90000 - 0x00007ffeb5bab000 	C:\WINDOWS\system32\pnrpnsp.dll
0x00007ffeca060000 - 0x00007ffeca075000 	C:\WINDOWS\system32\wshbth.dll
0x00007ffec9d90000 - 0x00007ffec9dad000 	C:\WINDOWS\system32\NLAapi.dll
0x00007ffed3100000 - 0x00007ffed313b000 	C:\WINDOWS\SYSTEM32\IPHLPAPI.DLL
0x00007ffed3140000 - 0x00007ffed320a000 	C:\WINDOWS\SYSTEM32\DNSAPI.dll
0x00007ffed6160000 - 0x00007ffed6168000 	C:\WINDOWS\System32\NSI.dll
0x00007ffeb5b70000 - 0x00007ffeb5b82000 	C:\WINDOWS\System32\winrnr.dll
0x0000000066400000 - 0x0000000066435000 	C:\Program Files\Bonjour\mdnsNSP.dll
0x00007ffec7190000 - 0x00007ffec719a000 	C:\Windows\System32\rasadhlp.dll
0x00007ffec5200000 - 0x00007ffec5280000 	C:\WINDOWS\System32\fwpuclnt.dll
0x00007ffed4210000 - 0x00007ffed4237000 	C:\WINDOWS\System32\bcrypt.dll
0x00007ffed3600000 - 0x00007ffed3618000 	C:\WINDOWS\SYSTEM32\CRYPTSP.dll
0x00007ffed2cc0000 - 0x00007ffed2cf4000 	C:\WINDOWS\system32\rsaenh.dll
0x00007ffed3bc0000 - 0x00007ffed3bee000 	C:\WINDOWS\SYSTEM32\USERENV.dll
0x00007ffed4340000 - 0x00007ffed43c2000 	C:\WINDOWS\System32\bcryptprimitives.dll
0x00007ffed3620000 - 0x00007ffed362c000 	C:\WINDOWS\SYSTEM32\CRYPTBASE.dll
0x00007ffec6030000 - 0x00007ffec6047000 	C:\WINDOWS\SYSTEM32\dhcpcsvc6.DLL
0x00007ffec67a0000 - 0x00007ffec67bd000 	C:\WINDOWS\SYSTEM32\dhcpcsvc.DLL

VM Arguments:
jvm_args: -ea -Didea.test.cyclic.buffer.size=1048576 -javaagent:D:\Toolbox\apps\IDEA-U\ch-0\222.4345.14\lib\idea_rt.jar=62327:D:\Toolbox\apps\IDEA-U\ch-0\222.4345.14\bin -Dfile.encoding=UTF-8 
java_command: com.intellij.rt.junit.JUnitStarter -ideVersion5 -junit4 com.is.isgroup.dao.AdsRepositoryTest,updateAdsByIdTest
java_class_path (initial): D:\Toolbox\apps\IDEA-U\ch-0\222.4345.14\lib\idea_rt.jar;D:\Toolbox\apps\IDEA-U\ch-0\222.4345.14\plugins\junit\lib\junit5-rt.jar;D:\Toolbox\apps\IDEA-U\ch-0\222.4345.14\plugins\junit\lib\junit-rt.jar;D:\java1.8JDK\jre\lib\charsets.jar;D:\java1.8JDK\jre\lib\ext\access-bridge-64.jar;D:\java1.8JDK\jre\lib\ext\cldrdata.jar;D:\java1.8JDK\jre\lib\ext\dnsns.jar;D:\java1.8JDK\jre\lib\ext\jaccess.jar;D:\java1.8JDK\jre\lib\ext\jfxrt.jar;D:\java1.8JDK\jre\lib\ext\localedata.jar;D:\java1.8JDK\jre\lib\ext\nashorn.jar;D:\java1.8JDK\jre\lib\ext\sunec.jar;D:\java1.8JDK\jre\lib\ext\sunjce_provider.jar;D:\java1.8JDK\jre\lib\ext\sunmscapi.jar;D:\java1.8JDK\jre\lib\ext\sunpkcs11.jar;D:\java1.8JDK\jre\lib\ext\zipfs.jar;D:\java1.8JDK\jre\lib\jce.jar;D:\java1.8JDK\jre\lib\jfr.jar;D:\java1.8JDK\jre\lib\jfxswt.jar;D:\java1.8JDK\jre\lib\jsse.jar;D:\java1.8JDK\jre\lib\management-agent.jar;D:\java1.8JDK\jre\lib\resources.jar;D:\java1.8JDK\jre\lib\rt.jar;D:\ISWork\ISGroup\target\test-classes;D:\ISWork\ISGroup\target\classes;C:\Users\86159\.m2\repository\org\springframework\boot\spring-boot-starter-web\2.7.4\spring-boot-starter-web-2.7.4.jar;C:\Users\86159\.m2\repository\org\springframework\boot\spring-boot-starter\2.7.4\spring-boot-starter-2.7.4.jar;C:\Users\86159\.m2\repository\org\springframework\boot\spring-boot-starter-logging\2.7.4\spring-boot-starter-logging-2.7.4.jar;C:\Users\86159\.m2\repository\ch\qos\logback\logback-classic\1.2.11\logback-classic-1.2.11.jar;C:\Users\86159\.m2\repository\ch\qos\logback\logback-core\1.2.11\logback-core-1.2.11.jar;C:\Users\86159\.m2\repository\org\apache\logging\log4j\log4j-to-slf4j\2.17.2\log4j-to-slf4j-2.17.2.jar;C:\Users\86159\.m2\repository\org\apache\logging\log4j\log4j-api\2.17.2\log4j-api-2.17.2.jar;C:\Users\86159\.m2\repository\org\slf4j\jul-to-slf4j\1.7.36\jul-to-slf4j-1.7.36.jar;C:\Users\86159\.m2\repository\jakarta\annotation\jakarta.annotation-api\1.3.5\jakarta.annotation-api-1.3.5.jar;C:\Users\86159\.m2\repository
Launcher Type: SUN_STANDARD

Environment Variables:
PATH=C:\Users\86159\AppData\Local\Programs\Python\Python38-32\Scripts\;C:\Users\86159\AppData\Local\Programs\Python\Python38-32\;E:\python\Scripts\;E:\python\;E:\Python3.10\Scripts\;E:\Python3.10\;C:\Program Files\Common Files\Oracle\Java\javapath;C:\Program Files (x86)\Common Files\Oracle\Java\javapath;E:\Java\bin;C:\Program Files\dotnet\;C:\WINDOWS\system32;C:\WINDOWS;C:\WINDOWS\System32\Wbem;C:\WINDOWS\System32\WindowsPowerShell\v1.0\;C:\WINDOWS\System32\OpenSSH\;D:\node.js\;C:\ProgramData\chocolatey\bin;D:\Python310;D:\Python310\Scripts\;C:\Program Files\NVIDIA Corporation\NVIDIA NvDLISR;C:\Program Files (x86)\NVIDIA Corporation\PhysX\Common;C:\Program Files\MySQL\MySQL Utilities 1.6\;D:\TortoiseGit\bin;D:\PUTTYy\;D:\app\swipl\bin;D:\Git\cmd;C:\Users\86159\AppData\Local\Microsoft\WindowsApps;E:\ij\IntelliJ IDEA Community Edition 2020.3.1\bin;D:\python\PyCharm Community Edition 2021.3\bin;E:\app\Microsoft VS Code\bin;C:\Users\86159\AppData\Local\Programs\MiKTeX\miktex\bin\x64\;E:\app\;C:\Users\86159\.dotnet\tools;E:\ij\IntelliJ IDEA 2019.3.4\bin;C:\Users\86159\AppData\Roaming\npm;C:\Users\86159\AppData\Local\JetBrains\Toolbox\scripts;%MY_SQL_HOME%\bin
USERNAME=86159
OS=Windows_NT
PROCESSOR_IDENTIFIER=Intel64 Family 6 Model 166 Stepping 0, GenuineIntel



---------------  S Y S T E M  ---------------

OS: Windows 10 , 64 bit Build 19041 (10.0.19041.1889)

CPU:total 12 (initial active 12) (6 cores per cpu, 2 threads per core) family 6 model 166 stepping 0, cmov, cx8, fxsr, mmx, sse, sse2, sse3, ssse3, sse4.1, sse4.2, popcnt, avx, avx2, aes, clmul, erms, 3dnowpref, lzcnt, ht, tsc, tscinvbit, bmi1, bmi2, adx

Memory: 4k page, physical 16603188k(4625164k free), swap 20124540k(3008k free)

vm_info: OpenJDK 64-Bit Server VM (25.342-b07) for windows-amd64 JRE (1.8.0_342-b07), built on Jul 21 2022 18:16:14 by "Administrator" with MS VC++ 12.0 (VS2013)

time: Wed Oct 12 22:30:43 2022
timezone: 中国标准时间
elapsed time: 4.643494 seconds (0d 0h 0m 4s)

