#
# There is insufficient memory for the Java Runtime Environment to continue.
# Native memory allocation (malloc) failed to allocate 1068816 bytes for Chunk::new
# Possible reasons:
#   The system is out of physical RAM or swap space
#   The process is running with CompressedOops enabled, and the Java Heap may be blocking the growth of the native heap
# Possible solutions:
#   Reduce memory load on the system
#   Increase physical memory or swap space
#   Check if swap backing store is full
#   Decrease Java heap size (-Xmx/-Xms)
#   Decrease number of Java threads
#   Decrease Java thread stack sizes (-Xss)
#   Set larger code cache with -XX:ReservedCodeCacheSize=
#   JVM is running with Zero Based Compressed Oops mode in which the Java heap is
#     placed in the first 32GB address space. The Java Heap base address is the
#     maximum limit for the native heap growth. Please use -XX:HeapBaseMinAddress
#     to set the Java Heap base and to place the Java Heap above 32GB virtual address.
# This output file may be truncated or incomplete.
#
#  Out of Memory Error (allocation.cpp:389), pid=19520, tid=0x0000000000003428
#
# JRE version: OpenJDK Runtime Environment (8.0_342-b07) (build 1.8.0_342-b07)
# Java VM: OpenJDK 64-Bit Server VM (25.342-b07 mixed mode windows-amd64 compressed oops)
# Failed to write core dump. Minidumps are not enabled by default on client versions of Windows
#

---------------  T H R E A D  ---------------

Current thread (0x000002a748880800):  JavaThread "C2 CompilerThread1" daemon [_thread_in_native, id=13352, stack(0x000000f0e2a00000,0x000000f0e2b00000)]

Stack: [0x000000f0e2a00000,0x000000f0e2b00000]
[error occurred during error reporting (printing stack bounds), id 0xc0000005]

Native frames: (J=compiled Java code, j=interpreted, Vv=VM code, C=native code)


Current CompileTask:
C2:   6249 3573   !   4       org.springframework.core.annotation.AnnotationsScanner::processClassHierarchy (227 bytes)


---------------  P R O C E S S  ---------------

Java Threads: ( => current thread )
  0x000002a74d624800 JavaThread "HikariPool-1 connection adder" daemon [_thread_in_native, id=24648, stack(0x000000f0e3100000,0x000000f0e3200000)]
  0x000002a74b863800 JavaThread "HikariPool-1 housekeeper" daemon [_thread_blocked, id=27168, stack(0x000000f0e3000000,0x000000f0e3100000)]
  0x000002a748933000 JavaThread "Service Thread" daemon [_thread_blocked, id=26660, stack(0x000000f0e2d00000,0x000000f0e2e00000)]
  0x000002a74888d800 JavaThread "C1 CompilerThread3" daemon [_thread_blocked, id=27068, stack(0x000000f0e2c00000,0x000000f0e2d00000)]
  0x000002a748885000 JavaThread "C2 CompilerThread2" daemon [_thread_in_native, id=27400, stack(0x000000f0e2b00000,0x000000f0e2c00000)]
=>0x000002a748880800 JavaThread "C2 CompilerThread1" daemon [_thread_in_native, id=13352, stack(0x000000f0e2a00000,0x000000f0e2b00000)]
  0x000002a74887e000 JavaThread "C2 CompilerThread0" daemon [_thread_in_native, id=26004, stack(0x000000f0e2900000,0x000000f0e2a00000)]
  0x000002a748872800 JavaThread "Monitor Ctrl-Break" daemon [_thread_in_native, id=26720, stack(0x000000f0e2800000,0x000000f0e2900000)]
  0x000002a748838800 JavaThread "Attach Listener" daemon [_thread_blocked, id=10088, stack(0x000000f0e2700000,0x000000f0e2800000)]
  0x000002a74882d800 JavaThread "Signal Dispatcher" daemon [_thread_blocked, id=20800, stack(0x000000f0e2600000,0x000000f0e2700000)]
  0x000002a72b40c800 JavaThread "Finalizer" daemon [_thread_blocked, id=12340, stack(0x000000f0e2500000,0x000000f0e2600000)]
  0x000002a746589000 JavaThread "Reference Handler" daemon [_thread_blocked, id=3732, stack(0x000000f0e2400000,0x000000f0e2500000)]
  0x000002a72b37d000 JavaThread "main" [_thread_in_native, id=16076, stack(0x000000f0e1800000,0x000000f0e1900000)]

Other Threads:
  0x000002a746564000 VMThread [stack: 0x000000f0e2300000,0x000000f0e2400000] [id=21284]
  0x000002a748937000 WatcherThread [stack: 0x000000f0e2e00000,0x000000f0e2f00000] [id=23456]

VM state:not at safepoint (normal execution)

VM Mutex/Monitor currently owned by a thread: None

heap address: 0x00000006c2a00000, size: 4054 MB, Compressed Oops mode: Zero based, Oop shift amount: 3
Narrow klass base: 0x0000000000000000, Narrow klass shift: 3
Compressed class space size: 1073741824 Address: 0x00000007c0000000

Heap:
 PSYoungGen      total 178688K, used 144235K [0x000000076b900000, 0x0000000778d80000, 0x00000007c0000000)
  eden space 165888K, 86% used [0x000000076b900000,0x00000007745dac40,0x0000000775b00000)
  from space 12800K, 0% used [0x0000000776780000,0x0000000776780000,0x0000000777400000)
  to   space 12800K, 0% used [0x0000000775b00000,0x0000000775b00000,0x0000000776780000)
 ParOldGen       total 142848K, used 13743K [0x00000006c2a00000, 0x00000006cb580000, 0x000000076b900000)
  object space 142848K, 9% used [0x00000006c2a00000,0x00000006c376bcb0,0x00000006cb580000)
 Metaspace       used 45703K, capacity 47814K, committed 47960K, reserved 1091584K
  class space    used 6285K, capacity 6684K, committed 6744K, reserved 1048576K

Card table byte_map: [0x000002a73c500000,0x000002a73ccf0000] byte_map_base: 0x000002a738eeb000

Marking Bits: (ParMarkBitMap*) 0x0000000064c16850
 Begin Bits: [0x000002a73d240000, 0x000002a741198000)
 End Bits:   [0x000002a741198000, 0x000002a7450f0000)

Polling page: 0x000002a72b510000

CodeCache: size=245760Kb used=13227Kb max_used=13232Kb free=232532Kb
 bounds [0x000002a72d140000, 0x000002a72de40000, 0x000002a73c140000]
 total_blobs=4054 nmethods=3570 adapters=395
 compilation: enabled

Compilation events (10 events):
Event: 6.235 Thread 0x000002a74888d800 3592       3       java.nio.charset.CharsetEncoder::replaceWith (89 bytes)
Event: 6.235 Thread 0x000002a74888d800 nmethod 3592 0x000002a72d29a350 code [0x000002a72d29a560, 0x000002a72d29aeb0]
Event: 6.236 Thread 0x000002a74888d800 3593       1       sun.util.locale.BaseLocale::getVariant (5 bytes)
Event: 6.236 Thread 0x000002a74888d800 nmethod 3593 0x000002a72de2f590 code [0x000002a72de2f6e0, 0x000002a72de2f7f8]
Event: 6.238 Thread 0x000002a74888d800 3594       1       sun.security.jca.ProviderList::access$100 (5 bytes)
Event: 6.238 Thread 0x000002a74888d800 nmethod 3594 0x000002a72d27eb10 code [0x000002a72d27ec60, 0x000002a72d27ed58]
Event: 6.238 Thread 0x000002a74888d800 3595       3       org.postgresql.core.AsciiStringInterner::hashKey (46 bytes)
Event: 6.238 Thread 0x000002a74888d800 nmethod 3595 0x000002a72d299e10 code [0x000002a72d299f80, 0x000002a72d29a1f8]
Event: 6.239 Thread 0x000002a74888d800 3596       3       org.postgresql.core.VisibleBufferedInputStream::scanCStringLength (59 bytes)
Event: 6.239 Thread 0x000002a74888d800 nmethod 3596 0x000002a72d299650 code [0x000002a72d2997e0, 0x000002a72d299c20]

GC Heap History (10 events):
Event: 2.117 GC heap before
{Heap before GC invocations=4 (full 1):
 PSYoungGen      total 75776K, used 6410K [0x000000076b900000, 0x0000000774d00000, 0x00000007c0000000)
  eden space 65024K, 0% used [0x000000076b900000,0x000000076b900000,0x000000076f880000)
  from space 10752K, 59% used [0x000000076f880000,0x000000076fec2b28,0x0000000770300000)
  to   space 10752K, 0% used [0x0000000774280000,0x0000000774280000,0x0000000774d00000)
 ParOldGen       total 173568K, used 32K [0x00000006c2a00000, 0x00000006cd380000, 0x000000076b900000)
  object space 173568K, 0% used [0x00000006c2a00000,0x00000006c2a08000,0x00000006cd380000)
 Metaspace       used 20231K, capacity 21130K, committed 21248K, reserved 1067008K
  class space    used 2513K, capacity 2701K, committed 2816K, reserved 1048576K
Event: 2.147 GC heap after
Heap after GC invocations=4 (full 1):
 PSYoungGen      total 75776K, used 0K [0x000000076b900000, 0x0000000774d00000, 0x00000007c0000000)
  eden space 65024K, 0% used [0x000000076b900000,0x000000076b900000,0x000000076f880000)
  from space 10752K, 0% used [0x000000076f880000,0x000000076f880000,0x0000000770300000)
  to   space 10752K, 0% used [0x0000000774280000,0x0000000774280000,0x0000000774d00000)
 ParOldGen       total 93696K, used 6104K [0x00000006c2a00000, 0x00000006c8580000, 0x000000076b900000)
  object space 93696K, 6% used [0x00000006c2a00000,0x00000006c2ff63c0,0x00000006c8580000)
 Metaspace       used 20231K, capacity 21130K, committed 21248K, reserved 1067008K
  class space    used 2513K, capacity 2701K, committed 2816K, reserved 1048576K
}
Event: 2.678 GC heap before
{Heap before GC invocations=5 (full 1):
 PSYoungGen      total 75776K, used 65024K [0x000000076b900000, 0x0000000774d00000, 0x00000007c0000000)
  eden space 65024K, 100% used [0x000000076b900000,0x000000076f880000,0x000000076f880000)
  from space 10752K, 0% used [0x000000076f880000,0x000000076f880000,0x0000000770300000)
  to   space 10752K, 0% used [0x0000000774280000,0x0000000774280000,0x0000000774d00000)
 ParOldGen       total 93696K, used 6104K [0x00000006c2a00000, 0x00000006c8580000, 0x000000076b900000)
  object space 93696K, 6% used [0x00000006c2a00000,0x00000006c2ff63c0,0x00000006c8580000)
 Metaspace       used 23398K, capacity 24514K, committed 24704K, reserved 1071104K
  class space    used 2951K, capacity 3199K, committed 3200K, reserved 1048576K
Event: 2.683 GC heap after
Heap after GC invocations=5 (full 1):
 PSYoungGen      total 111616K, used 6092K [0x000000076b900000, 0x0000000774880000, 0x00000007c0000000)
  eden space 105472K, 0% used [0x000000076b900000,0x000000076b900000,0x0000000772000000)
  from space 6144K, 99% used [0x0000000774280000,0x0000000774873198,0x0000000774880000)
  to   space 10752K, 0% used [0x0000000773380000,0x0000000773380000,0x0000000773e00000)
 ParOldGen       total 93696K, used 6112K [0x00000006c2a00000, 0x00000006c8580000, 0x000000076b900000)
  object space 93696K, 6% used [0x00000006c2a00000,0x00000006c2ff83c0,0x00000006c8580000)
 Metaspace       used 23398K, capacity 24514K, committed 24704K, reserved 1071104K
  class space    used 2951K, capacity 3199K, committed 3200K, reserved 1048576K
}
Event: 3.911 GC heap before
{Heap before GC invocations=6 (full 1):
 PSYoungGen      total 111616K, used 111564K [0x000000076b900000, 0x0000000774880000, 0x00000007c0000000)
  eden space 105472K, 100% used [0x000000076b900000,0x0000000772000000,0x0000000772000000)
  from space 6144K, 99% used [0x0000000774280000,0x0000000774873198,0x0000000774880000)
  to   space 10752K, 0% used [0x0000000773380000,0x0000000773380000,0x0000000773e00000)
 ParOldGen       total 93696K, used 6112K [0x00000006c2a00000, 0x00000006c8580000, 0x000000076b900000)
  object space 93696K, 6% used [0x00000006c2a00000,0x00000006c2ff83c0,0x00000006c8580000)
 Metaspace       used 30027K, capacity 31718K, committed 32000K, reserved 1077248K
  class space    used 3923K, capacity 4233K, committed 4352K, reserved 1048576K
Event: 3.920 GC heap after
Heap after GC invocations=6 (full 1):
 PSYoungGen      total 136192K, used 10737K [0x000000076b900000, 0x0000000777400000, 0x00000007c0000000)
  eden space 125440K, 0% used [0x000000076b900000,0x000000076b900000,0x0000000773380000)
  from space 10752K, 99% used [0x0000000773380000,0x0000000773dfc7f8,0x0000000773e00000)
  to   space 12800K, 0% used [0x0000000776780000,0x0000000776780000,0x0000000777400000)
 ParOldGen       total 93696K, used 6501K [0x00000006c2a00000, 0x00000006c8580000, 0x000000076b900000)
  object space 93696K, 6% used [0x00000006c2a00000,0x00000006c30596b8,0x00000006c8580000)
 Metaspace       used 30027K, capacity 31718K, committed 32000K, reserved 1077248K
  class space    used 3923K, capacity 4233K, committed 4352K, reserved 1048576K
}
Event: 4.835 GC heap before
{Heap before GC invocations=7 (full 1):
 PSYoungGen      total 136192K, used 50258K [0x000000076b900000, 0x0000000777400000, 0x00000007c0000000)
  eden space 125440K, 31% used [0x000000076b900000,0x000000076df98368,0x0000000773380000)
  from space 10752K, 99% used [0x0000000773380000,0x0000000773dfc7f8,0x0000000773e00000)
  to   space 12800K, 0% used [0x0000000776780000,0x0000000776780000,0x0000000777400000)
 ParOldGen       total 93696K, used 6501K [0x00000006c2a00000, 0x00000006c8580000, 0x000000076b900000)
  object space 93696K, 6% used [0x00000006c2a00000,0x00000006c30596b8,0x00000006c8580000)
 Metaspace       used 33539K, capacity 35346K, committed 35416K, reserved 1079296K
  class space    used 4568K, capacity 4908K, committed 4952K, reserved 1048576K
Event: 4.841 GC heap after
Heap after GC invocations=7 (full 1):
 PSYoungGen      total 178688K, used 9605K [0x000000076b900000, 0x0000000778d80000, 0x00000007c0000000)
  eden space 165888K, 0% used [0x000000076b900000,0x000000076b900000,0x0000000775b00000)
  from space 12800K, 75% used [0x0000000776780000,0x00000007770e14d0,0x0000000777400000)
  to   space 12800K, 0% used [0x0000000775b00000,0x0000000775b00000,0x0000000776780000)
 ParOldGen       total 93696K, used 6509K [0x00000006c2a00000, 0x00000006c8580000, 0x000000076b900000)
  object space 93696K, 6% used [0x00000006c2a00000,0x00000006c305b6b8,0x00000006c8580000)
 Metaspace       used 33539K, capacity 35346K, committed 35416K, reserved 1079296K
  class space    used 4568K, capacity 4908K, committed 4952K, reserved 1048576K
}
Event: 4.841 GC heap before
{Heap before GC invocations=8 (full 2):
 PSYoungGen      total 178688K, used 9605K [0x000000076b900000, 0x0000000778d80000, 0x00000007c0000000)
  eden space 165888K, 0% used [0x000000076b900000,0x000000076b900000,0x0000000775b00000)
  from space 12800K, 75% used [0x0000000776780000,0x00000007770e14d0,0x0000000777400000)
  to   space 12800K, 0% used [0x0000000775b00000,0x0000000775b00000,0x0000000776780000)
 ParOldGen       total 93696K, used 6509K [0x00000006c2a00000, 0x00000006c8580000, 0x000000076b900000)
  object space 93696K, 6% used [0x00000006c2a00000,0x00000006c305b6b8,0x00000006c8580000)
 Metaspace       used 33539K, capacity 35346K, committed 35416K, reserved 1079296K
  class space    used 4568K, capacity 4908K, committed 4952K, reserved 1048576K
Event: 4.875 GC heap after
Heap after GC invocations=8 (full 2):
 PSYoungGen      total 178688K, used 0K [0x000000076b900000, 0x0000000778d80000, 0x00000007c0000000)
  eden space 165888K, 0% used [0x000000076b900000,0x000000076b900000,0x0000000775b00000)
  from space 12800K, 0% used [0x0000000776780000,0x0000000776780000,0x0000000777400000)
  to   space 12800K, 0% used [0x0000000775b00000,0x0000000775b00000,0x0000000776780000)
 ParOldGen       total 142848K, used 13743K [0x00000006c2a00000, 0x00000006cb580000, 0x000000076b900000)
  object space 142848K, 9% used [0x00000006c2a00000,0x00000006c376bcb0,0x00000006cb580000)
 Metaspace       used 33539K, capacity 35346K, committed 35416K, reserved 1079296K
  class space    used 4568K, capacity 4908K, committed 4952K, reserved 1048576K
}

Deoptimization events (10 events):
Event: 5.544 Thread 0x000002a74d624800 Uncommon trap: reason=unstable_if action=reinterpret pc=0x000002a72dcd8624 method=com.sun.crypto.provider.PBKDF2KeyImpl.deriveKey(Ljavax/crypto/Mac;[B[BII)[B @ 172
Event: 5.587 Thread 0x000002a72b37d000 Uncommon trap: reason=bimorphic action=maybe_recompile pc=0x000002a72dc02254 method=java.lang.Throwable.<init>(Ljava/lang/String;Ljava/lang/Throwable;)V @ 24
Event: 5.587 Thread 0x000002a72b37d000 Uncommon trap: reason=bimorphic action=maybe_recompile pc=0x000002a72dc02254 method=java.lang.Throwable.<init>(Ljava/lang/String;Ljava/lang/Throwable;)V @ 24
Event: 5.659 Thread 0x000002a72b37d000 Uncommon trap: reason=range_check action=make_not_entrant pc=0x000002a72dce130c method=java.util.zip.ZipUtils.get16([BI)I @ 10
Event: 6.064 Thread 0x000002a72b37d000 Uncommon trap: reason=class_check action=maybe_recompile pc=0x000002a72db89a84 method=org.springframework.core.ResolvableType.resolveType()Lorg/springframework/core/ResolvableType; @ 101
Event: 6.130 Thread 0x000002a72b37d000 Uncommon trap: reason=unstable_if action=reinterpret pc=0x000002a72dbd89e0 method=java.util.concurrent.ConcurrentHashMap.putVal(Ljava/lang/Object;Ljava/lang/Object;Z)Ljava/lang/Object; @ 331
Event: 6.132 Thread 0x000002a72b37d000 Uncommon trap: reason=unstable_if action=reinterpret pc=0x000002a72db7e344 method=java.util.concurrent.ConcurrentHashMap.get(Ljava/lang/Object;)Ljava/lang/Object; @ 86
Event: 6.138 Thread 0x000002a72b37d000 Uncommon trap: reason=class_check action=maybe_recompile pc=0x000002a72db89a84 method=org.springframework.core.ResolvableType.resolveType()Lorg/springframework/core/ResolvableType; @ 101
Event: 6.166 Thread 0x000002a72b37d000 Uncommon trap: reason=class_check action=maybe_recompile pc=0x000002a72db89a84 method=org.springframework.core.ResolvableType.resolveType()Lorg/springframework/core/ResolvableType; @ 101
Event: 6.167 Thread 0x000002a72b37d000 Uncommon trap: reason=class_check action=maybe_recompile pc=0x000002a72db89a84 method=org.springframework.core.ResolvableType.resolveType()Lorg/springframework/core/ResolvableType; @ 101

Classes redefined (0 events):
No events

Internal exceptions (10 events):
Event: 6.140 Thread 0x000002a72b37d000 Exception <a 'java/lang/ClassNotFoundException': org/springframework/beans/factory/AwareCustomizer> (0x00000007735cd2d8) thrown at [C:\wsjdk\Corretto8Src\installers\windows\zip\corretto-build\buildRoot\hotspot\src\share\vm\classfile\systemDictionary.cpp, 
Event: 6.140 Thread 0x000002a72b37d000 Exception <a 'java/lang/ClassNotFoundException': org/springframework/beans/factory/FactoryBeanCustomizer> (0x00000007735e8d28) thrown at [C:\wsjdk\Corretto8Src\installers\windows\zip\corretto-build\buildRoot\hotspot\src\share\vm\classfile\systemDictionary
Event: 6.141 Thread 0x000002a72b37d000 Exception <a 'java/lang/ClassNotFoundException': org/springframework/beans/factory/BeanClassLoaderAwareCustomizer> (0x000000077360ab20) thrown at [C:\wsjdk\Corretto8Src\installers\windows\zip\corretto-build\buildRoot\hotspot\src\share\vm\classfile\systemD
Event: 6.141 Thread 0x000002a72b37d000 Exception <a 'java/lang/ClassNotFoundException': org/springframework/beans/factory/AwareCustomizer> (0x00000007736252e0) thrown at [C:\wsjdk\Corretto8Src\installers\windows\zip\corretto-build\buildRoot\hotspot\src\share\vm\classfile\systemDictionary.cpp, 
Event: 6.142 Thread 0x000002a72b37d000 Exception <a 'java/lang/ClassNotFoundException': org/springframework/beans/factory/BeanFactoryAwareCustomizer> (0x00000007736427c0) thrown at [C:\wsjdk\Corretto8Src\installers\windows\zip\corretto-build\buildRoot\hotspot\src\share\vm\classfile\systemDicti
Event: 6.142 Thread 0x000002a72b37d000 Exception <a 'java/lang/ClassNotFoundException': org/springframework/beans/factory/AwareCustomizer> (0x000000077365d4e0) thrown at [C:\wsjdk\Corretto8Src\installers\windows\zip\corretto-build\buildRoot\hotspot\src\share\vm\classfile\systemDictionary.cpp, 
Event: 6.143 Thread 0x000002a72b37d000 Exception <a 'java/lang/ClassNotFoundException': org/springframework/beans/factory/InitializingBeanCustomizer> (0x000000077367a9c0) thrown at [C:\wsjdk\Corretto8Src\installers\windows\zip\corretto-build\buildRoot\hotspot\src\share\vm\classfile\systemDicti
Event: 6.143 Thread 0x000002a72b37d000 Exception <a 'java/lang/ClassNotFoundException': org/springframework/beans/factory/DisposableBeanCustomizer> (0x0000000773697300) thrown at [C:\wsjdk\Corretto8Src\installers\windows\zip\corretto-build\buildRoot\hotspot\src\share\vm\classfile\systemDiction
Event: 6.148 Thread 0x000002a72b37d000 Exception <a 'java/lang/NoSuchMethodError': java.lang.Object.lambda$static$0(Ljava/lang/Object;)Lorg/springframework/expression/EvaluationContext;> (0x0000000773701668) thrown at [C:\wsjdk\Corretto8Src\installers\windows\zip\corretto-build\buildRoot\hotsp
Event: 6.179 Thread 0x000002a72b37d000 Exception <a 'java/lang/IncompatibleClassChangeError': Found class java.lang.Object, but interface was expected> (0x0000000773ded660) thrown at [C:\wsjdk\Corretto8Src\installers\windows\zip\corretto-build\buildRoot\hotspot\src\share\vm\interpreter\linkRes

Events (10 events):
Event: 6.245 loading class org/hibernate/resource/transaction/NullSynchronizationException
Event: 6.245 loading class org/hibernate/resource/transaction/NullSynchronizationException done
Event: 6.246 loading class org/hibernate/resource/transaction/LocalSynchronizationException
Event: 6.246 loading class org/hibernate/resource/transaction/LocalSynchronizationException done
Event: 6.246 loading class org/hibernate/internal/CoreMessageLogger_$logger_zh_CN
Event: 6.246 loading class org/hibernate/internal/CoreMessageLogger_$logger_zh_CN done
Event: 6.246 loading class org/hibernate/internal/CoreMessageLogger_$logger_zh
Event: 6.246 loading class org/hibernate/internal/CoreMessageLogger_$logger_zh done
Event: 6.247 loading class org/hibernate/engine/internal/StatefulPersistenceContext
Event: 6.247 loading class org/hibernate/engine/internal/StatefulPersistenceContext done


Dynamic libraries:
0x00007ff78d340000 - 0x00007ff78d37a000 	D:\java1.8JDK\bin\java.exe
0x00007ffed65b0000 - 0x00007ffed67a8000 	C:\WINDOWS\SYSTEM32\ntdll.dll
0x00007ffed5e50000 - 0x00007ffed5f0d000 	C:\WINDOWS\System32\KERNEL32.DLL
0x00007ffed3ec0000 - 0x00007ffed4192000 	C:\WINDOWS\System32\KERNELBASE.dll
0x00007ffed4cc0000 - 0x00007ffed4d6e000 	C:\WINDOWS\System32\ADVAPI32.dll
0x00007ffed5ff0000 - 0x00007ffed608e000 	C:\WINDOWS\System32\msvcrt.dll
0x00007ffed5060000 - 0x00007ffed50fc000 	C:\WINDOWS\System32\sechost.dll
0x00007ffed5570000 - 0x00007ffed5695000 	C:\WINDOWS\System32\RPCRT4.dll
0x00007ffed46a0000 - 0x00007ffed483d000 	C:\WINDOWS\System32\USER32.dll
0x00007ffed45e0000 - 0x00007ffed4602000 	C:\WINDOWS\System32\win32u.dll
0x00007ffed62f0000 - 0x00007ffed631b000 	C:\WINDOWS\System32\GDI32.dll
0x00007ffed44d0000 - 0x00007ffed45df000 	C:\WINDOWS\System32\gdi32full.dll
0x00007ffed3cc0000 - 0x00007ffed3d5d000 	C:\WINDOWS\System32\msvcp_win.dll
0x00007ffed43d0000 - 0x00007ffed44d0000 	C:\WINDOWS\System32\ucrtbase.dll
0x00007ffeb2320000 - 0x00007ffeb25ba000 	C:\WINDOWS\WinSxS\amd64_microsoft.windows.common-controls_6595b64144ccf1df_6.0.19041.1110_none_60b5254171f9507e\COMCTL32.dll
0x00007ffed64e0000 - 0x00007ffed6510000 	C:\WINDOWS\System32\IMM32.DLL
0x00007ffe95200000 - 0x00007ffe952ef000 	D:\java1.8JDK\jre\bin\msvcr120.dll
0x00007ffe81cf0000 - 0x00007ffe81d96000 	D:\java1.8JDK\jre\bin\msvcp120.dll
0x0000000064420000 - 0x0000000064c95000 	D:\java1.8JDK\jre\bin\server\jvm.dll
0x00007ffed4c50000 - 0x00007ffed4c58000 	C:\WINDOWS\System32\PSAPI.DLL
0x00007ffeb6f00000 - 0x00007ffeb6f27000 	C:\WINDOWS\SYSTEM32\WINMM.dll
0x00007ffeb42f0000 - 0x00007ffeb42f9000 	C:\WINDOWS\SYSTEM32\WSOCK32.dll
0x00007ffec6050000 - 0x00007ffec605a000 	C:\WINDOWS\SYSTEM32\VERSION.dll
0x00007ffed6320000 - 0x00007ffed638b000 	C:\WINDOWS\System32\WS2_32.dll
0x00007ffec9850000 - 0x00007ffec985f000 	D:\java1.8JDK\jre\bin\verify.dll
0x00007ffec4ce0000 - 0x00007ffec4d09000 	D:\java1.8JDK\jre\bin\java.dll
0x00007ffec9480000 - 0x00007ffec94aa000 	D:\java1.8JDK\jre\bin\instrument.dll
0x00007ffec1a00000 - 0x00007ffec1a16000 	D:\java1.8JDK\jre\bin\zip.dll
0x00007ffed5700000 - 0x00007ffed5e43000 	C:\WINDOWS\System32\SHELL32.dll
0x00007ffed1a80000 - 0x00007ffed2211000 	C:\WINDOWS\SYSTEM32\windows.storage.dll
0x00007ffed48f0000 - 0x00007ffed4c44000 	C:\WINDOWS\System32\combase.dll
0x00007ffed3720000 - 0x00007ffed3750000 	C:\WINDOWS\SYSTEM32\Wldp.dll
0x00007ffed4df0000 - 0x00007ffed4e9d000 	C:\WINDOWS\System32\SHCORE.dll
0x00007ffed6510000 - 0x00007ffed6565000 	C:\WINDOWS\System32\shlwapi.dll
0x00007ffed3c00000 - 0x00007ffed3c1f000 	C:\WINDOWS\SYSTEM32\profapi.dll
0x00007ffec4e00000 - 0x00007ffec4e1a000 	D:\Toolbox\apps\IDEA-U\ch-0\222.4345.14\bin\breakgen64.dll
0x00007ffec1820000 - 0x00007ffec183a000 	D:\java1.8JDK\jre\bin\net.dll
0x00007ffed3410000 - 0x00007ffed347a000 	C:\WINDOWS\system32\mswsock.dll
0x00007ffec1790000 - 0x00007ffec17a2000 	D:\java1.8JDK\jre\bin\nio.dll
0x00007ffec9440000 - 0x00007ffec944d000 	D:\java1.8JDK\jre\bin\management.dll
0x00007ffeb5f40000 - 0x00007ffeb5f8b000 	C:\Program Files (x86)\Sangfor\SSL\ClientComponent\1_SangforNspX64.dll
0x00007ffed6390000 - 0x00007ffed64ba000 	C:\WINDOWS\System32\ole32.dll
0x00007ffed6090000 - 0x00007ffed615d000 	C:\WINDOWS\System32\OLEAUT32.dll
0x00007ffeb5f20000 - 0x00007ffeb5f37000 	C:\WINDOWS\system32\napinsp.dll
0x00007ffeb5b90000 - 0x00007ffeb5bab000 	C:\WINDOWS\system32\pnrpnsp.dll
0x00007ffeca060000 - 0x00007ffeca075000 	C:\WINDOWS\system32\wshbth.dll
0x00007ffec9d90000 - 0x00007ffec9dad000 	C:\WINDOWS\system32\NLAapi.dll
0x00007ffed3100000 - 0x00007ffed313b000 	C:\WINDOWS\SYSTEM32\IPHLPAPI.DLL
0x00007ffed3140000 - 0x00007ffed320a000 	C:\WINDOWS\SYSTEM32\DNSAPI.dll
0x00007ffed6160000 - 0x00007ffed6168000 	C:\WINDOWS\System32\NSI.dll
0x00007ffeb5b70000 - 0x00007ffeb5b82000 	C:\WINDOWS\System32\winrnr.dll
0x0000000066400000 - 0x0000000066435000 	C:\Program Files\Bonjour\mdnsNSP.dll
0x00007ffec7190000 - 0x00007ffec719a000 	C:\Windows\System32\rasadhlp.dll
0x00007ffec5200000 - 0x00007ffec5280000 	C:\WINDOWS\System32\fwpuclnt.dll
0x00007ffed4210000 - 0x00007ffed4237000 	C:\WINDOWS\System32\bcrypt.dll
0x00007ffed3600000 - 0x00007ffed3618000 	C:\WINDOWS\SYSTEM32\CRYPTSP.dll
0x00007ffed2cc0000 - 0x00007ffed2cf4000 	C:\WINDOWS\system32\rsaenh.dll
0x00007ffed3bc0000 - 0x00007ffed3bee000 	C:\WINDOWS\SYSTEM32\USERENV.dll
0x00007ffed4340000 - 0x00007ffed43c2000 	C:\WINDOWS\System32\bcryptprimitives.dll
0x00007ffed3620000 - 0x00007ffed362c000 	C:\WINDOWS\SYSTEM32\CRYPTBASE.dll
0x00007ffec6030000 - 0x00007ffec6047000 	C:\WINDOWS\SYSTEM32\dhcpcsvc6.DLL
0x00007ffec67a0000 - 0x00007ffec67bd000 	C:\WINDOWS\SYSTEM32\dhcpcsvc.DLL
0x00007ffec4c50000 - 0x00007ffec4c73000 	D:\java1.8JDK\jre\bin\sunec.dll

VM Arguments:
jvm_args: -ea -Didea.test.cyclic.buffer.size=1048576 -javaagent:D:\Toolbox\apps\IDEA-U\ch-0\222.4345.14\lib\idea_rt.jar=60236:D:\Toolbox\apps\IDEA-U\ch-0\222.4345.14\bin -Dfile.encoding=UTF-8 
java_command: com.intellij.rt.junit.JUnitStarter -ideVersion5 -junit4 com.is.isgroup.dao.AdsRepositoryTest,updateAdsByIdTest
java_class_path (initial): D:\Toolbox\apps\IDEA-U\ch-0\222.4345.14\lib\idea_rt.jar;D:\Toolbox\apps\IDEA-U\ch-0\222.4345.14\plugins\junit\lib\junit5-rt.jar;D:\Toolbox\apps\IDEA-U\ch-0\222.4345.14\plugins\junit\lib\junit-rt.jar;D:\java1.8JDK\jre\lib\charsets.jar;D:\java1.8JDK\jre\lib\ext\access-bridge-64.jar;D:\java1.8JDK\jre\lib\ext\cldrdata.jar;D:\java1.8JDK\jre\lib\ext\dnsns.jar;D:\java1.8JDK\jre\lib\ext\jaccess.jar;D:\java1.8JDK\jre\lib\ext\jfxrt.jar;D:\java1.8JDK\jre\lib\ext\localedata.jar;D:\java1.8JDK\jre\lib\ext\nashorn.jar;D:\java1.8JDK\jre\lib\ext\sunec.jar;D:\java1.8JDK\jre\lib\ext\sunjce_provider.jar;D:\java1.8JDK\jre\lib\ext\sunmscapi.jar;D:\java1.8JDK\jre\lib\ext\sunpkcs11.jar;D:\java1.8JDK\jre\lib\ext\zipfs.jar;D:\java1.8JDK\jre\lib\jce.jar;D:\java1.8JDK\jre\lib\jfr.jar;D:\java1.8JDK\jre\lib\jfxswt.jar;D:\java1.8JDK\jre\lib\jsse.jar;D:\java1.8JDK\jre\lib\management-agent.jar;D:\java1.8JDK\jre\lib\resources.jar;D:\java1.8JDK\jre\lib\rt.jar;D:\ISWork\ISGroup\target\test-classes;D:\ISWork\ISGroup\target\classes;C:\Users\86159\.m2\repository\org\springframework\boot\spring-boot-starter-web\2.7.4\spring-boot-starter-web-2.7.4.jar;C:\Users\86159\.m2\repository\org\springframework\boot\spring-boot-starter\2.7.4\spring-boot-starter-2.7.4.jar;C:\Users\86159\.m2\repository\org\springframework\boot\spring-boot-starter-logging\2.7.4\spring-boot-starter-logging-2.7.4.jar;C:\Users\86159\.m2\repository\ch\qos\logback\logback-classic\1.2.11\logback-classic-1.2.11.jar;C:\Users\86159\.m2\repository\ch\qos\logback\logback-core\1.2.11\logback-core-1.2.11.jar;C:\Users\86159\.m2\repository\org\apache\logging\log4j\log4j-to-slf4j\2.17.2\log4j-to-slf4j-2.17.2.jar;C:\Users\86159\.m2\repository\org\apache\logging\log4j\log4j-api\2.17.2\log4j-api-2.17.2.jar;C:\Users\86159\.m2\repository\org\slf4j\jul-to-slf4j\1.7.36\jul-to-slf4j-1.7.36.jar;C:\Users\86159\.m2\repository\jakarta\annotation\jakarta.annotation-api\1.3.5\jakarta.annotation-api-1.3.5.jar;C:\Users\86159\.m2\repository
Launcher Type: SUN_STANDARD

Environment Variables:
PATH=C:\Users\86159\AppData\Local\Programs\Python\Python38-32\Scripts\;C:\Users\86159\AppData\Local\Programs\Python\Python38-32\;E:\python\Scripts\;E:\python\;E:\Python3.10\Scripts\;E:\Python3.10\;C:\Program Files\Common Files\Oracle\Java\javapath;C:\Program Files (x86)\Common Files\Oracle\Java\javapath;E:\Java\bin;C:\Program Files\dotnet\;C:\WINDOWS\system32;C:\WINDOWS;C:\WINDOWS\System32\Wbem;C:\WINDOWS\System32\WindowsPowerShell\v1.0\;C:\WINDOWS\System32\OpenSSH\;D:\node.js\;C:\ProgramData\chocolatey\bin;D:\Python310;D:\Python310\Scripts\;C:\Program Files\NVIDIA Corporation\NVIDIA NvDLISR;C:\Program Files (x86)\NVIDIA Corporation\PhysX\Common;C:\Program Files\MySQL\MySQL Utilities 1.6\;D:\TortoiseGit\bin;D:\PUTTYy\;D:\app\swipl\bin;D:\Git\cmd;C:\Users\86159\AppData\Local\Microsoft\WindowsApps;E:\ij\IntelliJ IDEA Community Edition 2020.3.1\bin;D:\python\PyCharm Community Edition 2021.3\bin;E:\app\Microsoft VS Code\bin;C:\Users\86159\AppData\Local\Programs\MiKTeX\miktex\bin\x64\;E:\app\;C:\Users\86159\.dotnet\tools;E:\ij\IntelliJ IDEA 2019.3.4\bin;C:\Users\86159\AppData\Roaming\npm;C:\Users\86159\AppData\Local\JetBrains\Toolbox\scripts;%MY_SQL_HOME%\bin
USERNAME=86159
OS=Windows_NT
PROCESSOR_IDENTIFIER=Intel64 Family 6 Model 166 Stepping 0, GenuineIntel



---------------  S Y S T E M  ---------------

OS: Windows 10 , 64 bit Build 19041 (10.0.19041.1889)

CPU:total 12 (initial active 12) (6 cores per cpu, 2 threads per core) family 6 model 166 stepping 0, cmov, cx8, fxsr, mmx, sse, sse2, sse3, ssse3, sse4.1, sse4.2, popcnt, avx, avx2, aes, clmul, erms, 3dnowpref, lzcnt, ht, tsc, tscinvbit, bmi1, bmi2, adx

Memory: 4k page, physical 16603188k(4686928k free), swap 20124540k(6920k free)

vm_info: OpenJDK 64-Bit Server VM (25.342-b07) for windows-amd64 JRE (1.8.0_342-b07), built on Jul 21 2022 18:16:14 by "Administrator" with MS VC++ 12.0 (VS2013)

time: Wed Oct 12 22:29:20 2022
timezone: 中国标准时间
elapsed time: 6.263232 seconds (0d 0h 0m 6s)

